
---- Votes and Modules ----
default: |NEUTRAL|
onedamage: |default|MASK|
one: |default|MASK|
SHOW -shown(2)
NEUTRAL -shown(0)
oneid: |default|MASK|
MASK -hidden(1)
--------   Rules   --------
hide: |MASK|MASK|default|MASK|MASK|default|default|default|default|
keep-one: |one|one|default|one|one|default|default|default|default|
keep-oned: |onedamage|onedamage|default|onedamage|onedamage|default|default|default|default|
keep: |default|default|MASK|default|default|MASK|MASK|MASK|MASK|
keep-onei: |oneid|oneid|default|oneid|oneid|default|default|default|default|
show: |SHOW|SHOW|default|SHOW|SHOW|default|default|default|default|
----------------------------------------------------
4791 items registered
41 filters loaded
892 items matched in 60 ms
----------------------------------------------------

- actuallyadditions :
	+ block_colored_lamp:                       	keep:[0]
	+ block_colored_lamp_on:                    	keep:[0]
	+ block_crystal:                            	keep:[0]
	+ block_crystal_cluster_coal:               	keep:[0]
	+ block_crystal_cluster_diamond:            	keep:[0]
	+ block_crystal_cluster_emerald:            	keep:[0]
	+ block_crystal_cluster_iron:               	keep:[0]
	+ block_crystal_cluster_lapis:              	keep:[0]
	+ block_crystal_cluster_redstone:           	keep:[0]
	+ block_crystal_empowered:                  	keep:[0]
	+ block_crystal_oil:                        	keep:[0]
	+ crystaloil:                               	keep:[0]
	+ item_axe_crystal_black:                   	keep:[0]
	+ item_axe_crystal_blue:                    	keep:[0]
	+ item_axe_crystal_green:                   	keep:[0]
	+ item_axe_crystal_light_blue:              	keep:[0]
	+ item_axe_crystal_red:                     	keep:[0]
	+ item_axe_crystal_white:                   	keep:[0]
	+ item_boots_crystal_black:                 	keep:[0]
	+ item_boots_crystal_blue:                  	keep:[0]
	+ item_boots_crystal_green:                 	keep:[0]
	+ item_boots_crystal_light_blue:            	keep:[0]
	+ item_boots_crystal_red:                   	keep:[0]
	+ item_boots_crystal_white:                 	keep:[0]
	+ item_chest_crystal_black:                 	keep:[0]
	+ item_chest_crystal_blue:                  	keep:[0]
	+ item_chest_crystal_green:                 	keep:[0]
	+ item_chest_crystal_light_blue:            	keep:[0]
	+ item_chest_crystal_red:                   	keep:[0]
	+ item_chest_crystal_white:                 	keep:[0]
	+ item_crystal:                             	keep:[0]
	+ item_crystal_empowered:                   	keep:[0]
	+ item_crystal_shard:                       	keep:[0]
	+ item_helm_crystal_black:                  	keep:[0]
	+ item_helm_crystal_blue:                   	keep:[0]
	+ item_helm_crystal_green:                  	keep:[0]
	+ item_helm_crystal_light_blue:             	keep:[0]
	+ item_helm_crystal_red:                    	keep:[0]
	+ item_helm_crystal_white:                  	keep:[0]
	+ item_hoe_crystal_black:                   	keep:[0]
	+ item_hoe_crystal_blue:                    	keep:[0]
	+ item_hoe_crystal_green:                   	keep:[0]
	+ item_hoe_crystal_light_blue:              	keep:[0]
	+ item_hoe_crystal_red:                     	keep:[0]
	+ item_hoe_crystal_white:                   	keep:[0]
	+ item_pants_crystal_black:                 	keep:[0]
	+ item_pants_crystal_blue:                  	keep:[0]
	+ item_pants_crystal_green:                 	keep:[0]
	+ item_pants_crystal_light_blue:            	keep:[0]
	+ item_pants_crystal_red:                   	keep:[0]
	+ item_pants_crystal_white:                 	keep:[0]
	+ item_paxel_crystal_black:                 	keep:[0]
	+ item_paxel_crystal_blue:                  	keep:[0]
	+ item_paxel_crystal_green:                 	keep:[0]
	+ item_paxel_crystal_light_blue:            	keep:[0]
	+ item_paxel_crystal_red:                   	keep:[0]
	+ item_paxel_crystal_white:                 	keep:[0]
	+ item_pickaxe_crystal_black:               	keep:[0]
	+ item_pickaxe_crystal_blue:                	keep:[0]
	+ item_pickaxe_crystal_green:               	keep:[0]
	+ item_pickaxe_crystal_light_blue:          	keep:[0]
	+ item_pickaxe_crystal_red:                 	keep:[0]
	+ item_pickaxe_crystal_white:               	keep:[0]
	+ item_shovel_crystal_black:                	keep:[0]
	+ item_shovel_crystal_blue:                 	keep:[0]
	+ item_shovel_crystal_green:                	keep:[0]
	+ item_shovel_crystal_light_blue:           	keep:[0]
	+ item_shovel_crystal_red:                  	keep:[0]
	+ item_shovel_crystal_white:                	keep:[0]
	+ item_sword_crystal_black:                 	keep:[0]
	+ item_sword_crystal_blue:                  	keep:[0]
	+ item_sword_crystal_green:                 	keep:[0]
	+ item_sword_crystal_light_blue:            	keep:[0]
	+ item_sword_crystal_red:                   	keep:[0]
	+ item_sword_crystal_white:                 	keep:[0]
- Agricraft :
	+ grate:                                    	keep-one:[]
	+ water_channel_full:                       	keep-one:[]
	+ water_channel_normal:                     	keep-one:[]
	+ water_channel_valve:                      	keep-one:[]
	+ water_tank:                               	keep-one:[]
- bibliocraft :
	+ armorstand:                               	keep:[0]
	+ atlasbook:                                	keep:[0]
	+ atlasplate:                               	keep:[0]
	+ bell:                                     	keep:[0]
	+ bibliochase:                              	keep:[0]
	+ biblioclipboard:                          	keep:[0]
	+ bibliocreativelock:                       	keep:[0]
	+ bibliodrill:                              	keep:[0]
	+ biblioglasses:                            	keep:[0]
	+ biblioredbook:                            	keep:[0]
	+ bigbook:                                  	keep:[0]
	+ bookcase:                                 	keep:[0]
	+ bookcasecreative:                         	keep:[0]	hide:[]
	+ case:                                     	keep:[0]
	+ clipboard:                                	keep:[0]	hide:[]
	+ clock:                                    	keep:[0]
	+ compass:                                  	keep:[0]
	+ cookiejar:                                	keep:[0]
	+ deathcompass:                             	keep:[0]
	+ desk:                                     	keep:[0]
	+ dinnerplate:                              	keep:[0]
	+ discrack:                                 	keep:[0]
	+ enchantedplate:                           	keep:[0]
	+ fancysign:                                	keep:[0]
	+ fancyworkbench:                           	keep:[0]
	+ framedchest:                              	keep:[0]
	+ framingboard:                             	keep:[0]
	+ framingsaw:                               	keep:[0]
	+ framingsheet:                             	keep:[0]
	+ furniturepaneler:                         	keep:[0]
	+ handdrill:                                	keep:[0]
	+ label:                                    	keep:[0]
	+ lampgold:                                 	keep:[0]
	+ lampiron:                                 	keep:[0]
	+ lanterngold:                              	keep:[0]
	+ lanterniron:                              	keep:[0]
	+ mapframe:                                 	keep:[0]
	+ maptool:                                  	keep:[0]
	+ markerpole:                               	keep:[0]	hide:[]
	+ paintingcanvas:                           	keep:[0]
	+ paintingframeborderless:                  	keep:[0]
	+ paintingframefancy:                       	keep:[0]
	+ paintingframeflat:                        	keep:[0]
	+ paintingframemiddle:                      	keep:[0]
	+ paintingframesimple:                      	keep:[0]
	+ paintingpress:                            	keep:[0]
	+ plumbline:                                	keep:[0]
	+ potionshelf:                              	keep:[0]
	+ printingpress:                            	keep:[0]
	+ printplate:                               	keep:[0]
	+ recipebook:                               	keep:[0]
	+ seat:                                     	keep:[0]
	+ seatback1:                                	keep:[0]
	+ seatback2:                                	keep:[0]
	+ seatback3:                                	keep:[0]
	+ seatback4:                                	keep:[0]
	+ seatback5:                                	keep:[0]
	+ shelf:                                    	keep:[0]
	+ slottedbook:                              	keep:[0]
	+ stockroomcatalog:                         	keep:[0]
	+ swordpedestal:                            	keep:[0]
	+ table:                                    	keep:[0]
	+ tape:                                     	keep:[0]
	+ tapemeasure:                              	keep:[0]
	+ testeritem:                               	keep:[0]
	+ toolrack:                                 	keep:[0]
	+ typesettingtable:                         	keep:[0]
	+ typewriter:                               	keep:[0]
- Botania :
	+ altar:                                    	keep:[0]
	+ ancientwill:                              	hide:[]
	+ biomestonea:                              	hide:[]
	+ biomestonea0slab:                         	hide:[]
	+ biomestonea0stairs:                       	hide:[]
	+ biomestonea0wall:                         	hide:[]
	+ biomestonea10slab:                        	hide:[]
	+ biomestonea10stairs:                      	hide:[]
	+ biomestonea11slab:                        	hide:[]
	+ biomestonea11stairs:                      	hide:[]
	+ biomestonea12slab:                        	hide:[]
	+ biomestonea12stairs:                      	hide:[]
	+ biomestonea13slab:                        	hide:[]
	+ biomestonea13stairs:                      	hide:[]
	+ biomestonea14slab:                        	hide:[]
	+ biomestonea14stairs:                      	hide:[]
	+ biomestonea15slab:                        	hide:[]
	+ biomestonea15stairs:                      	hide:[]
	+ biomestonea1slab:                         	hide:[]
	+ biomestonea1stairs:                       	hide:[]
	+ biomestonea2slab:                         	hide:[]
	+ biomestonea2stairs:                       	hide:[]
	+ biomestonea3slab:                         	hide:[]
	+ biomestonea3stairs:                       	hide:[]
	+ biomestonea4slab:                         	hide:[]
	+ biomestonea4stairs:                       	hide:[]
	+ biomestonea5slab:                         	hide:[]
	+ biomestonea5stairs:                       	hide:[]
	+ biomestonea6slab:                         	hide:[]
	+ biomestonea6stairs:                       	hide:[]
	+ biomestonea7slab:                         	hide:[]
	+ biomestonea7stairs:                       	hide:[]
	+ biomestonea8slab:                         	hide:[]
	+ biomestonea8stairs:                       	hide:[]
	+ biomestonea9slab:                         	hide:[]
	+ biomestonea9stairs:                       	hide:[]
	+ biomestoneb:                              	hide:[]
	+ biomestoneb0slab:                         	hide:[]
	+ biomestoneb0stairs:                       	hide:[]
	+ biomestoneb1slab:                         	hide:[]
	+ biomestoneb1stairs:                       	hide:[]
	+ biomestoneb2slab:                         	hide:[]
	+ biomestoneb2stairs:                       	hide:[]
	+ biomestoneb3slab:                         	hide:[]
	+ biomestoneb3stairs:                       	hide:[]
	+ biomestoneb4slab:                         	hide:[]
	+ biomestoneb4stairs:                       	hide:[]
	+ biomestoneb5slab:                         	hide:[]
	+ biomestoneb5stairs:                       	hide:[]
	+ biomestoneb6slab:                         	hide:[]
	+ biomestoneb6stairs:                       	hide:[]
	+ biomestoneb7slab:                         	hide:[]
	+ biomestoneb7stairs:                       	hide:[]
	+ bloodpendant:                             	keep-one:[]
	+ brewflask:                                	hide:[]
	+ brewvial:                                 	hide:[]
	+ craftpattern:                             	hide:[]
	+ custombrick:                              	keep:[4]
	+ doubleflower1:                            	hide:[]
	+ doubleflower2:                            	hide:[]
	+ dreamwood0slab:                           	hide:[]
	+ dreamwood0stairs:                         	hide:[]
	+ dreamwood1slab:                           	hide:[]
	+ dreamwood1stairs:                         	hide:[]
	+ dye:                                      	keep:[0]
	+ flighttiara:                              	keep:[0]
	+ floatingspecialflower:                    	keep-one:[]
	+ grassseeds:                               	keep:[0]
	+ incensestick:                             	keep-one:[]
	+ laputashard:                              	keep:[0]
	+ lens:                                     	keep:[0]
	+ livingrock0slab:                          	hide:[]
	+ livingrock0stairs:                        	hide:[]
	+ livingrock1slab:                          	hide:[]
	+ livingrock1stairs:                        	hide:[]
	+ livingwood0slab:                          	hide:[]
	+ livingwood0stairs:                        	hide:[]
	+ livingwood1slab:                          	hide:[]
	+ livingwood1stairs:                        	hide:[]
	+ miniisland:                               	keep:[0]
	+ mushroom:                                 	hide:[]
	+ pavement:                                 	keep:[0]
	+ pavement0slab:                            	hide:[]
	+ pavement0stairs:                          	hide:[]
	+ pavement1slab:                            	hide:[]
	+ pavement1stairs:                          	hide:[]
	+ pavement2slab:                            	hide:[]
	+ pavement2stairs:                          	hide:[]
	+ pavement3slab:                            	hide:[]
	+ pavement3stairs:                          	hide:[]
	+ pavement4slab:                            	hide:[]
	+ pavement4stairs:                          	hide:[]
	+ pavement5slab:                            	hide:[]
	+ pavement5stairs:                          	hide:[]
	+ petal:                                    	keep:[0]
	+ petalblock:                               	keep:[0]
	+ quartz:                                   	keep:[0]
	+ quartzslabblazehalf:                      	hide:[]
	+ quartzslabdarkhalf:                       	hide:[]
	+ quartzslabelfhalf:                        	hide:[]
	+ quartzslablavenderhalf:                   	hide:[]
	+ quartzslabmanahalf:                       	hide:[]
	+ quartzslabredhalf:                        	hide:[]
	+ quartzslabsunnyhalf:                      	hide:[]
	+ quartzstairsblaze:                        	hide:[]
	+ quartzstairsdark:                         	hide:[]
	+ quartzstairself:                          	hide:[]
	+ quartzstairslavender:                     	hide:[]
	+ quartzstairsmana:                         	hide:[]
	+ quartzstairsred:                          	hide:[]
	+ quartzstairssunny:                        	hide:[]
	+ quartztypeblaze:                          	hide:[]
	+ quartztypedark:                           	hide:[]
	+ quartztypeelf:                            	hide:[]
	+ quartztypelavender:                       	hide:[]
	+ quartztypemana:                           	hide:[]
	+ quartztypered:                            	hide:[]
	+ quartztypesunny:                          	hide:[]
	+ rune:                                     	keep:[0]
	+ shimmerrock0slab:                         	hide:[]
	+ shimmerrock0stairs:                       	hide:[]
	+ shimmerwoodplanks0slab:                   	hide:[]
	+ shimmerwoodplanks0stairs:                 	hide:[]
	+ shinyflower:                              	keep:[0]
	+ specialflower:                            	keep-one:[]
	+ terrapick:                                	keep-one:[]
	+ twigwand:                                 	keep-one:[]
- chisel :
	+ andesite:                                 	keep:[0]
	+ andesite1:                                	keep:[0]
	+ andesite2:                                	keep:[0]
	+ antiblock:                                	keep:[0]
	+ auto_chisel:                              	keep:[0]
	+ basalt:                                   	keep:[0]
	+ basalt1:                                  	keep:[0]
	+ basalt2:                                  	keep:[0]
	+ block_charcoal:                           	keep:[0]	keep-onei:[0]
	+ block_charcoal1:                          	keep:[0]	keep-onei:[0]
	+ block_charcoal2:                          	keep:[0]	keep-onei:[0]
	+ block_coal:                               	keep:[0]	keep-onei:[0]
	+ block_coal1:                              	keep:[0]	keep-onei:[0]
	+ block_coal2:                              	keep:[0]	keep-onei:[0]
	+ block_coal_coke:                          	keep:[0]	keep-onei:[0]
	+ block_coal_coke1:                         	keep:[0]	keep-onei:[0]
	+ block_coal_coke2:                         	keep:[0]	keep-onei:[0]
	+ blockaluminum:                            	keep:[0]	keep-onei:[0]
	+ blockbronze:                              	keep:[0]	keep-onei:[0]
	+ blockcobalt:                              	keep:[0]	keep-onei:[0]
	+ blockcopper:                              	keep:[0]	keep-onei:[0]
	+ blockelectrum:                            	keep:[0]	keep-onei:[0]
	+ blockgold:                                	keep:[0]	keep-onei:[0]
	+ blockinvar:                               	keep:[0]	keep-onei:[0]
	+ blockiron:                                	keep:[0]	keep-onei:[0]
	+ blocklead:                                	keep:[0]	keep-onei:[0]
	+ blocknickel:                              	keep:[0]	keep-onei:[0]
	+ blockplatinum:                            	keep:[0]	keep-onei:[0]
	+ blocksilver:                              	keep:[0]	keep-onei:[0]
	+ blocksteel:                               	keep:[0]	keep-onei:[0]
	+ blocktin:                                 	keep:[0]	keep-onei:[0]
	+ blockuranium:                             	keep:[0]	keep-onei:[0]
	+ bloodmagic:                               	keep:[0]
	+ bookshelf_acacia:                         	keep:[0]
	+ bookshelf_birch:                          	keep:[0]
	+ bookshelf_darkoak:                        	keep:[0]
	+ bookshelf_jungle:                         	keep:[0]
	+ bookshelf_oak:                            	keep:[0]
	+ bookshelf_spruce:                         	keep:[0]
	+ bricks:                                   	keep:[0]	keep-onei:[0]
	+ bricks1:                                  	keep:[0]	keep-onei:[0]
	+ bricks2:                                  	keep:[0]	keep-onei:[0]
	+ brownstone:                               	keep:[0]
	+ carpet_black:                             	keep:[0]
	+ carpet_blue:                              	keep:[0]
	+ carpet_brown:                             	keep:[0]
	+ carpet_cyan:                              	keep:[0]
	+ carpet_gray:                              	keep:[0]
	+ carpet_green:                             	keep:[0]
	+ carpet_lightblue:                         	keep:[0]
	+ carpet_lightgray:                         	keep:[0]
	+ carpet_lime:                              	keep:[0]
	+ carpet_magenta:                           	keep:[0]
	+ carpet_orange:                            	keep:[0]
	+ carpet_pink:                              	keep:[0]
	+ carpet_purple:                            	keep:[0]
	+ carpet_red:                               	keep:[0]
	+ carpet_white:                             	keep:[0]
	+ carpet_yellow:                            	keep:[0]
	+ chisel_diamond:                           	keep:[0]
	+ chisel_hitech:                            	keep:[0]
	+ chisel_iron:                              	keep:[0]
	+ cloud:                                    	keep:[0]
	+ cobblestone:                              	keep:[0]	keep-onei:[0]
	+ cobblestone1:                             	keep:[0]	keep-onei:[0]
	+ cobblestone2:                             	keep:[0]	keep-onei:[0]
	+ cobblestonemossy:                         	keep:[0]	keep-onei:[0]
	+ cobblestonemossy1:                        	keep:[0]	keep-onei:[0]
	+ cobblestonemossy2:                        	keep:[0]	keep-onei:[0]
	+ concrete_black:                           	keep:[0]	keep-onei:[0]
	+ concrete_black1:                          	keep:[0]	keep-onei:[0]
	+ concrete_black2:                          	keep:[0]	keep-onei:[0]
	+ concrete_blue:                            	keep:[0]	keep-onei:[0]
	+ concrete_blue1:                           	keep:[0]	keep-onei:[0]
	+ concrete_blue2:                           	keep:[0]	keep-onei:[0]
	+ concrete_brown:                           	keep:[0]	keep-onei:[0]
	+ concrete_brown1:                          	keep:[0]	keep-onei:[0]
	+ concrete_brown2:                          	keep:[0]	keep-onei:[0]
	+ concrete_cyan:                            	keep:[0]	keep-onei:[0]
	+ concrete_cyan1:                           	keep:[0]	keep-onei:[0]
	+ concrete_cyan2:                           	keep:[0]	keep-onei:[0]
	+ concrete_gray:                            	keep:[0]	keep-onei:[0]
	+ concrete_gray1:                           	keep:[0]	keep-onei:[0]
	+ concrete_gray2:                           	keep:[0]	keep-onei:[0]
	+ concrete_green:                           	keep:[0]	keep-onei:[0]
	+ concrete_green1:                          	keep:[0]	keep-onei:[0]
	+ concrete_green2:                          	keep:[0]	keep-onei:[0]
	+ concrete_lightblue:                       	keep:[0]	keep-onei:[0]
	+ concrete_lightblue1:                      	keep:[0]	keep-onei:[0]
	+ concrete_lightblue2:                      	keep:[0]	keep-onei:[0]
	+ concrete_lightgray:                       	keep:[0]	keep-onei:[0]
	+ concrete_lightgray1:                      	keep:[0]	keep-onei:[0]
	+ concrete_lightgray2:                      	keep:[0]	keep-onei:[0]
	+ concrete_lime:                            	keep:[0]	keep-onei:[0]
	+ concrete_lime1:                           	keep:[0]	keep-onei:[0]
	+ concrete_lime2:                           	keep:[0]	keep-onei:[0]
	+ concrete_magenta:                         	keep:[0]	keep-onei:[0]
	+ concrete_magenta1:                        	keep:[0]	keep-onei:[0]
	+ concrete_magenta2:                        	keep:[0]	keep-onei:[0]
	+ concrete_orange:                          	keep:[0]	keep-onei:[0]
	+ concrete_orange1:                         	keep:[0]	keep-onei:[0]
	+ concrete_orange2:                         	keep:[0]	keep-onei:[0]
	+ concrete_pink:                            	keep:[0]	keep-onei:[0]
	+ concrete_pink1:                           	keep:[0]	keep-onei:[0]
	+ concrete_pink2:                           	keep:[0]	keep-onei:[0]
	+ concrete_purple:                          	keep:[0]	keep-onei:[0]
	+ concrete_purple1:                         	keep:[0]	keep-onei:[0]
	+ concrete_purple2:                         	keep:[0]	keep-onei:[0]
	+ concrete_red:                             	keep:[0]	keep-onei:[0]
	+ concrete_red1:                            	keep:[0]	keep-onei:[0]
	+ concrete_red2:                            	keep:[0]	keep-onei:[0]
	+ concrete_white:                           	keep:[0]	keep-onei:[0]
	+ concrete_white1:                          	keep:[0]	keep-onei:[0]
	+ concrete_white2:                          	keep:[0]	keep-onei:[0]
	+ concrete_yellow:                          	keep:[0]	keep-onei:[0]
	+ concrete_yellow1:                         	keep:[0]	keep-onei:[0]
	+ concrete_yellow2:                         	keep:[0]	keep-onei:[0]
	+ diamond:                                  	keep:[0]
	+ diorite:                                  	keep:[0]
	+ diorite1:                                 	keep:[0]
	+ diorite2:                                 	keep:[0]
	+ dirt:                                     	keep:[0]
	+ emerald:                                  	keep:[0]
	+ endstone:                                 	keep:[0]
	+ endstone1:                                	keep:[0]
	+ endstone2:                                	keep:[0]
	+ energizedvoidstone:                       	keep:[0]
	+ factory:                                  	keep:[0]
	+ factory1:                                 	keep:[0]
	+ futura:                                   	keep:[0]
	+ glass:                                    	keep:[0]	keep-onei:[0]
	+ glassdyedblack:                           	keep:[0]	keep-onei:[0]
	+ glassdyedblue:                            	keep:[0]	keep-onei:[0]
	+ glassdyedbrown:                           	keep:[0]	keep-onei:[0]
	+ glassdyedcyan:                            	keep:[0]	keep-onei:[0]
	+ glassdyedgray:                            	keep:[0]	keep-onei:[0]
	+ glassdyedgreen:                           	keep:[0]	keep-onei:[0]
	+ glassdyedlightblue:                       	keep:[0]	keep-onei:[0]
	+ glassdyedlightgray:                       	keep:[0]	keep-onei:[0]
	+ glassdyedlime:                            	keep:[0]	keep-onei:[0]
	+ glassdyedmagenta:                         	keep:[0]	keep-onei:[0]
	+ glassdyedorange:                          	keep:[0]	keep-onei:[0]
	+ glassdyedpink:                            	keep:[0]	keep-onei:[0]
	+ glassdyedpurple:                          	keep:[0]	keep-onei:[0]
	+ glassdyedred:                             	keep:[0]	keep-onei:[0]
	+ glassdyedwhite:                           	keep:[0]	keep-onei:[0]
	+ glassdyedyellow:                          	keep:[0]	keep-onei:[0]
	+ glowstone:                                	keep:[0]
	+ glowstone1:                               	keep:[0]
	+ glowstone2:                               	keep:[0]
	+ gold:                                     	keep:[0]
	+ granite:                                  	keep:[0]
	+ granite1:                                 	keep:[0]
	+ granite2:                                 	keep:[0]
	+ hardenedclay:                             	keep:[0]
	+ hardenedclay1:                            	keep:[0]
	+ hardenedclay2:                            	keep:[0]
	+ ice:                                      	keep:[0]
	+ ice1:                                     	keep:[0]
	+ ice2:                                     	keep:[0]
	+ icepillar:                                	keep:[0]
	+ iron:                                     	keep:[0]
	+ ironpane:                                 	keep:[0]
	+ laboratory:                               	keep:[0]
	+ lapis:                                    	keep:[0]
	+ lavastone:                                	keep:[0]
	+ lavastone1:                               	keep:[0]
	+ lavastone2:                               	keep:[0]
	+ limestone:                                	keep:[0]	keep-onei:[0]
	+ limestone1:                               	keep:[0]	keep-onei:[0]
	+ limestone2:                               	keep:[0]	keep-onei:[0]
	+ marble:                                   	keep:[0]
	+ marble1:                                  	keep:[0]
	+ marble2:                                  	keep:[0]
	+ marblepillar:                             	keep:[0]
	+ netherbrick:                              	keep:[0]
	+ netherrack:                               	keep:[0]
	+ obsidian:                                 	keep:[0]
	+ offsettool:                               	keep:[0]
	+ paper:                                    	keep:[0]
	+ planks-acacia:                            	keep:[0]
	+ planks-birch:                             	keep:[0]
	+ planks-dark-oak:                          	keep:[0]
	+ planks-jungle:                            	keep:[0]
	+ planks-oak:                               	keep:[0]
	+ planks-spruce:                            	keep:[0]
	+ prismarine:                               	keep:[0]
	+ prismarine1:                              	keep:[0]
	+ prismarine2:                              	keep:[0]
	+ purpur:                                   	keep:[0]
	+ purpur1:                                  	keep:[0]
	+ purpur2:                                  	keep:[0]
	+ quartz:                                   	keep:[0]
	+ quartz1:                                  	keep:[0]
	+ redstone:                                 	keep:[0]
	+ redstone1:                                	keep:[0]
	+ sandstone-scribbles:                      	keep:[0]
	+ sandstonered:                             	keep:[0]
	+ sandstonered1:                            	keep:[0]
	+ sandstonered2:                            	keep:[0]
	+ sandstoneyellow:                          	keep:[0]
	+ sandstoneyellow1:                         	keep:[0]
	+ sandstoneyellow2:                         	keep:[0]
	+ stonebrick:                               	keep:[0]
	+ stonebrick1:                              	keep:[0]
	+ stonebrick2:                              	keep:[0]
	+ technical:                                	keep:[0]
	+ technical1:                               	keep:[0]
	+ technicalnew:                             	keep:[0]
	+ temple:                                   	keep:[0]
	+ templemossy:                              	keep:[0]
	+ tyrian:                                   	keep:[0]
	+ valentines:                               	keep:[0]
	+ voidstone:                                	keep:[0]
	+ voidstonerunic:                           	keep:[0]
	+ waterstone:                               	keep:[0]
	+ waterstone1:                              	keep:[0]
	+ waterstone2:                              	keep:[0]
	+ wool_black:                               	keep:[0]
	+ wool_blue:                                	keep:[0]
	+ wool_brown:                               	keep:[0]
	+ wool_cyan:                                	keep:[0]
	+ wool_gray:                                	keep:[0]
	+ wool_green:                               	keep:[0]
	+ wool_lightblue:                           	keep:[0]
	+ wool_lightgray:                           	keep:[0]
	+ wool_lime:                                	keep:[0]
	+ wool_magenta:                             	keep:[0]
	+ wool_orange:                              	keep:[0]
	+ wool_pink:                                	keep:[0]
	+ wool_purple:                              	keep:[0]
	+ wool_red:                                 	keep:[0]
	+ wool_white:                               	keep:[0]
	+ wool_yellow:                              	keep:[0]
- forge :
	+ bucketfilled:                             	keep-one:[]
- Mekanism :
	+ armoredjetpack:                           	keep-one:[0]
	+ atomicdisassembler:                       	keep-one:[0]
	+ balloon:                                  	keep:[15]
	+ basicblock2:                              	keep-one:[3, 4]
	+ clump:                                    	hide:[]
	+ configurator:                             	keep-one:[0]
	+ crystal:                                  	hide:[]
	+ dirtydust:                                	hide:[]
	+ electricbow:                              	keep-one:[0]
	+ energycube:                               	keep-one:[0]
	+ energytablet:                             	keep-one:[0]
	+ flamethrower:                             	keep-one:[0]
	+ freerunners:                              	keep-one:[0]
	+ gastank:                                  	hide:[0]/[*gasName*]
	+ glowpanel:                                	keep:[15]
	+ glowplasticblock:                         	keep:[15]
	+ jetpack:                                  	keep-one:[0]
	+ machineblock:                             	hide:[5, 6, 7]
	+ machineblock2:                            	hide:[11]/[*FluidName*]
	+ networkreader:                            	keep-one:[0]
	+ plasticblock:                             	keep:[15]
	+ plasticfence:                             	keep:[15]
	+ portableteleporter:                       	keep-one:[0]
	+ reinforcedplasticblock:                   	keep:[15]
	+ roadplasticblock:                         	keep:[15]
	+ robit:                                    	keep-one:[0]
	+ scubatank:                                	keep-one:[0]
	+ seismicreader:                            	keep-one:[0]
	+ shard:                                    	hide:[]
	+ slickplasticblock:                        	keep:[15]
- MekanismGenerators :
	+ hohlraum:                                 	keep-one:[0]
- minecraft :
	+ arrow:                                    	keep-one:[0]
	+ banner:                                   	keep:[0]
	+ book:                                     	keep-one:[0]
	+ carpet:                                   	keep:[0]
	+ enchanted_book:                           	keep-one:[0]
	+ knowledge_book:                           	keep-one:[0]
	+ lingering_potion:                         	keep-one:[0]
	+ potion:                                   	keep-one:[0]
	+ spawn_egg:                                	keep-one:[0]
	+ spectral_arrow:                           	keep-one:[0]
	+ splash_potion:                            	keep-one:[0]
	+ stained_glass:                            	keep:[0]
	+ stained_glass_pane:                       	keep:[0]
	+ stained_hardened_clay:                    	keep:[0]
	+ tipped_arrow:                             	keep-one:[0]
	+ wool:                                     	keep:[0]
	+ writable_book:                            	keep-one:[0]
	+ written_book:                             	keep-one:[0]
- mysticalagriculture :
	+ aluminum_brass_crop:                      	hide:[]
	+ aluminum_brass_seeds:                     	hide:[]
	+ aluminum_crop:                            	hide:[]
	+ aluminum_seeds:                           	hide:[]
	+ alumite_crop:                             	hide:[]
	+ alumite_seeds:                            	hide:[]
	+ amber_crop:                               	hide:[]
	+ amber_seeds:                              	hide:[]
	+ ardite_crop:                              	hide:[]
	+ ardite_seeds:                             	hide:[]
	+ basalt_crop:                              	hide:[]
	+ basalt_seeds:                             	hide:[]
	+ black_quartz_crop:                        	hide:[]
	+ black_quartz_seeds:                       	hide:[]
	+ blaze_crop:                               	hide:[]
	+ blaze_seeds:                              	hide:[]
	+ brass_crop:                               	hide:[]
	+ brass_seeds:                              	hide:[]
	+ bronze_crop:                              	hide:[]
	+ bronze_seeds:                             	hide:[]
	+ chicken_crop:                             	hide:[]
	+ chicken_seeds:                            	hide:[]
	+ coal_crop:                                	hide:[]
	+ coal_seeds:                               	hide:[]
	+ cobalt_crop:                              	hide:[]
	+ cobalt_seeds:                             	hide:[]
	+ compressed_iron_crop:                     	hide:[]
	+ compressed_iron_seeds:                    	hide:[]
	+ constantan_crop:                          	hide:[]
	+ constantan_seeds:                         	hide:[]
	+ copper_crop:                              	hide:[]
	+ copper_seeds:                             	hide:[]
	+ cow_crop:                                 	hide:[]
	+ cow_seeds:                                	hide:[]
	+ creeper_crop:                             	hide:[]
	+ creeper_seeds:                            	hide:[]
	+ diamond_crop:                             	hide:[]
	+ diamond_seeds:                            	hide:[]
	+ dirt_crop:                                	hide:[]
	+ dirt_seeds:                               	hide:[]
	+ dye_crop:                                 	hide:[]
	+ dye_seeds:                                	hide:[]
	+ electrum_crop:                            	hide:[]
	+ electrum_seeds:                           	hide:[]
	+ elementium_crop:                          	hide:[]
	+ elementium_seeds:                         	hide:[]
	+ emerald_crop:                             	hide:[]
	+ emerald_seeds:                            	hide:[]
	+ end_crop:                                 	hide:[]
	+ end_seeds:                                	hide:[]
	+ enderman_crop:                            	hide:[]
	+ enderman_seeds:                           	hide:[]
	+ experience_crop:                          	hide:[]
	+ experience_seeds:                         	hide:[]
	+ fire_crop:                                	hide:[]
	+ fire_seeds:                               	hide:[]
	+ ghast_crop:                               	hide:[]
	+ ghast_seeds:                              	hide:[]
	+ glowstone_crop:                           	hide:[]
	+ glowstone_ingot_crop:                     	hide:[]
	+ glowstone_ingot_seeds:                    	hide:[]
	+ glowstone_seeds:                          	hide:[]
	+ gold_crop:                                	hide:[]
	+ gold_seeds:                               	hide:[]
	+ guardian_crop:                            	hide:[]
	+ guardian_seeds:                           	hide:[]
	+ hop_graphite_crop:                        	hide:[]
	+ hop_graphite_seeds:                       	hide:[]
	+ ice_crop:                                 	hide:[]
	+ ice_seeds:                                	hide:[]
	+ iron_crop:                                	hide:[]
	+ iron_seeds:                               	hide:[]
	+ knightslime_crop:                         	hide:[]
	+ knightslime_seeds:                        	hide:[]
	+ lapis_lazuli_crop:                        	hide:[]
	+ lapis_lazuli_seeds:                       	hide:[]
	+ lead_crop:                                	hide:[]
	+ lead_seeds:                               	hide:[]
	+ limestone_crop:                           	hide:[]
	+ limestone_seeds:                          	hide:[]
	+ manasteel_crop:                           	hide:[]
	+ manasteel_seeds:                          	hide:[]
	+ manyullyn_crop:                           	hide:[]
	+ manyullyn_seeds:                          	hide:[]
	+ marble_crop:                              	hide:[]
	+ marble_seeds:                             	hide:[]
	+ mystical_flower_crop:                     	hide:[]
	+ mystical_flower_seeds:                    	hide:[]
	+ nature_crop:                              	hide:[]
	+ nature_seeds:                             	hide:[]
	+ nether_crop:                              	hide:[]
	+ nether_quartz_crop:                       	hide:[]
	+ nether_quartz_seeds:                      	hide:[]
	+ nether_seeds:                             	hide:[]
	+ nickel_crop:                              	hide:[]
	+ nickel_seeds:                             	hide:[]
	+ obsidian_crop:                            	hide:[]
	+ obsidian_seeds:                           	hide:[]
	+ osmium_crop:                              	hide:[]
	+ osmium_seeds:                             	hide:[]
	+ pig_crop:                                 	hide:[]
	+ pig_seeds:                                	hide:[]
	+ quartz_enriched_iron_crop:                	hide:[]
	+ quartz_enriched_iron_seeds:               	hide:[]
	+ quicksilver_crop:                         	hide:[]
	+ quicksilver_seeds:                        	hide:[]
	+ rabbit_crop:                              	hide:[]
	+ rabbit_seeds:                             	hide:[]
	+ redstone_crop:                            	hide:[]
	+ redstone_seeds:                           	hide:[]
	+ refined_obsidian_crop:                    	hide:[]
	+ refined_obsidian_seeds:                   	hide:[]
	+ sheep_crop:                               	hide:[]
	+ sheep_seeds:                              	hide:[]
	+ silicon_crop:                             	hide:[]
	+ silicon_seeds:                            	hide:[]
	+ silver_crop:                              	hide:[]
	+ silver_seeds:                             	hide:[]
	+ skeleton_crop:                            	hide:[]
	+ skeleton_seeds:                           	hide:[]
	+ slime_crop:                               	hide:[]
	+ slime_seeds:                              	hide:[]
	+ spider_crop:                              	hide:[]
	+ spider_seeds:                             	hide:[]
	+ steel_crop:                               	hide:[]
	+ steel_seeds:                              	hide:[]
	+ stone_crop:                               	hide:[]
	+ stone_seeds:                              	hide:[]
	+ terrasteel_crop:                          	hide:[]
	+ terrasteel_seeds:                         	hide:[]
	+ thaumium_crop:                            	hide:[]
	+ thaumium_seeds:                           	hide:[]
	+ tier1_inferium_crop:                      	show:[0]	hide:[]
	+ tier1_inferium_seeds:                     	show:[0]	hide:[]
	+ tier2_inferium_crop:                      	hide:[]
	+ tier2_inferium_seeds:                     	hide:[]
	+ tier3_inferium_crop:                      	hide:[]
	+ tier3_inferium_seeds:                     	hide:[]
	+ tier4_inferium_crop:                      	hide:[]
	+ tier4_inferium_seeds:                     	hide:[]
	+ tier5_inferium_crop:                      	hide:[]
	+ tier5_inferium_seeds:                     	hide:[]
	+ tin_crop:                                 	hide:[]
	+ tin_seeds:                                	hide:[]
	+ uranium_crop:                             	hide:[]
	+ uranium_seeds:                            	hide:[]
	+ void_metal_crop:                          	hide:[]
	+ void_metal_seeds:                         	hide:[]
	+ water_crop:                               	hide:[]
	+ water_seeds:                              	hide:[]
	+ wither_skeleton_crop:                     	hide:[]
	+ wither_skeleton_seeds:                    	hide:[]
	+ wood_crop:                                	hide:[]
	+ wood_seeds:                               	hide:[]
	+ zombie_crop:                              	hide:[]
	+ zombie_seeds:                             	hide:[]
- storagedrawers :
	+ basicdrawers:                             	keep-one:[]
	+ customdrawers:                            	keep:[0]
	+ trim:                                     	keep:[0]
- tconstruct :
	+ alubrass:                                 	keep-one:[0]
	+ aluminum:                                 	keep-one:[0]
	+ ardite:                                   	keep-one:[0]
	+ arrow:                                    	keep-one:[0]
	+ arrow_head:                               	keep-one:[0]
	+ arrow_shaft:                              	keep-one:[0]
	+ axe_head:                                 	keep-one:[0]
	+ battlesign:                               	keep-one:[0]
	+ binding:                                  	keep-one:[0]
	+ blood:                                    	keep-one:[0]
	+ blueslime:                                	keep-one:[0]
	+ bolt:                                     	keep-one:[0]
	+ bolt_core:                                	keep-one:[0]
	+ book:                                     	keep-one:[0]
	+ bow_limb:                                 	keep-one:[0]
	+ bow_string:                               	keep-one:[0]
	+ brass:                                    	keep-one:[0]
	+ broad_axe_head:                           	keep-one:[0]
	+ broadsword:                               	keep-one:[0]
	+ bronze:                                   	keep-one:[0]
	+ brownstone:                               	keep-one:[0]	keep:[0]
	+ brownstone_slab:                          	keep-one:[0]	hide:[]
	+ brownstone_slab2:                         	keep-one:[0]	hide:[]
	+ brownstone_stairs_brick:                  	keep-one:[0]	hide:[]
	+ brownstone_stairs_brick_cracked:          	keep-one:[0]	hide:[]
	+ brownstone_stairs_brick_fancy:            	keep-one:[0]	hide:[]
	+ brownstone_stairs_brick_small:            	keep-one:[0]	hide:[]
	+ brownstone_stairs_brick_square:           	keep-one:[0]	hide:[]
	+ brownstone_stairs_brick_triangle:         	keep-one:[0]	hide:[]
	+ brownstone_stairs_creeper:                	keep-one:[0]	hide:[]
	+ brownstone_stairs_paver:                  	keep-one:[0]	hide:[]
	+ brownstone_stairs_road:                   	keep-one:[0]	hide:[]
	+ brownstone_stairs_rough:                  	keep-one:[0]	hide:[]
	+ brownstone_stairs_smooth:                 	keep-one:[0]	hide:[]
	+ brownstone_stairs_tile:                   	keep-one:[0]	hide:[]
	+ cast:                                     	keep-one:[0]
	+ cast_custom:                              	keep-one:[0]
	+ casting:                                  	keep-one:[0]
	+ channel:                                  	keep-one:[0]
	+ clay:                                     	keep-one:[0]
	+ clay_cast:                                	keep-one:[0]
	+ clear_glass:                              	keep-one:[0]
	+ clear_stained_glass:                      	keep-one:[0]	keep:[0]
	+ cleaver:                                  	keep-one:[0]
	+ cobalt:                                   	keep-one:[0]
	+ copper:                                   	keep-one:[0]
	+ cross_guard:                              	keep-one:[0]
	+ crossbow:                                 	keep-one:[0]
	+ deco_ground:                              	keep-one:[0]
	+ deco_ground_slab:                         	keep-one:[0]	hide:[]
	+ dirt:                                     	keep-one:[0]
	+ dried_brick_stairs:                       	keep-one:[0]	hide:[]
	+ dried_clay:                               	keep-one:[0]
	+ dried_clay_slab:                          	keep-one:[0]	hide:[]
	+ dried_clay_stairs:                        	keep-one:[0]	hide:[]
	+ edible:                                   	keep-one:[0]	keep:[0, 1, 10, 30]
	+ electrum:                                 	keep-one:[0]
	+ emerald:                                  	keep-one:[0]
	+ excavator:                                	keep-one:[0]
	+ excavator_head:                           	keep-one:[0]
	+ fancy_frame:                              	keep-one:[0]	keep:[0]
	+ faucet:                                   	keep-one:[0]
	+ firewood:                                 	keep-one:[0]
	+ firewood_slab:                            	keep-one:[0]	hide:[]
	+ firewood_stairs:                          	keep-one:[0]	hide:[]
	+ fletching:                                	keep-one:[0]
	+ frypan:                                   	keep-one:[0]
	+ glass:                                    	keep-one:[0]
	+ gold:                                     	keep-one:[0]
	+ hammer:                                   	keep-one:[0]
	+ hammer_head:                              	keep-one:[0]
	+ hand_guard:                               	keep-one:[0]
	+ hatchet:                                  	keep-one:[0]
	+ ingots:                                   	keep-one:[0]
	+ iron:                                     	keep-one:[0]
	+ kama:                                     	keep-one:[0]
	+ kama_head:                                	keep-one:[0]
	+ knife_blade:                              	keep-one:[0]
	+ knightslime:                              	keep-one:[0]
	+ large_plate:                              	keep-one:[0]
	+ large_sword_blade:                        	keep-one:[0]
	+ lavawood_stairs:                          	keep-one:[0]	hide:[]
	+ lead:                                     	keep-one:[0]
	+ longbow:                                  	keep-one:[0]
	+ longsword:                                	keep-one:[0]
	+ lumberaxe:                                	keep-one:[0]
	+ manyullyn:                                	keep-one:[0]
	+ materials:                                	keep-one:[0]
	+ mattock:                                  	keep-one:[0]
	+ metal:                                    	keep-one:[0]	keep:[0]
	+ milk:                                     	keep-one:[0]
	+ moms_spaghetti:                           	keep-one:[0]
	+ mudbrick_stairs:                          	keep-one:[0]	hide:[]
	+ nickel:                                   	keep-one:[0]
	+ nuggets:                                  	keep-one:[0]
	+ obsidian:                                 	keep-one:[0]
	+ ore:                                      	keep-one:[0]
	+ pan_head:                                 	keep-one:[0]
	+ pattern:                                  	keep-one:[0]
	+ pick_head:                                	keep-one:[0]
	+ pickaxe:                                  	keep-one:[0]
	+ piggybackpack:                            	keep-one:[0]
	+ pigiron:                                  	keep-one:[0]
	+ punji:                                    	keep-one:[0]
	+ purpleslime:                              	keep-one:[0]
	+ rack:                                     	keep-one:[0]
	+ rapier:                                   	keep-one:[0]
	+ scythe:                                   	keep-one:[0]
	+ scythe_head:                              	keep-one:[0]
	+ seared:                                   	keep-one:[0]	keep:[0, 1, 3]
	+ seared_furnace_controller:                	keep-one:[0]
	+ seared_glass:                             	keep-one:[0]
	+ seared_slab:                              	keep-one:[0]	hide:[]
	+ seared_slab2:                             	keep-one:[0]	hide:[]
	+ seared_stairs_brick:                      	keep-one:[0]	hide:[]
	+ seared_stairs_brick_cracked:              	keep-one:[0]	hide:[]
	+ seared_stairs_brick_fancy:                	keep-one:[0]	hide:[]
	+ seared_stairs_brick_small:                	keep-one:[0]	hide:[]
	+ seared_stairs_brick_square:               	keep-one:[0]	hide:[]
	+ seared_stairs_brick_triangle:             	keep-one:[0]	hide:[]
	+ seared_stairs_cobble:                     	keep-one:[0]	hide:[]
	+ seared_stairs_creeper:                    	keep-one:[0]	hide:[]
	+ seared_stairs_paver:                      	keep-one:[0]	hide:[]
	+ seared_stairs_road:                       	keep-one:[0]	hide:[]
	+ seared_stairs_stone:                      	keep-one:[0]	keep:[0]	hide:[]
	+ seared_stairs_tile:                       	keep-one:[0]	hide:[]
	+ seared_tank:                              	keep-one:[0]
	+ shard:                                    	keep-one:[0]
	+ sharpening_kit:                           	keep-one:[0]
	+ shortbow:                                 	keep-one:[0]
	+ shovel:                                   	keep-one:[0]
	+ shovel_head:                              	keep-one:[0]
	+ shuriken:                                 	keep-one:[0]
	+ sign_head:                                	keep-one:[0]
	+ silver:                                   	keep-one:[0]
	+ slime:                                    	keep-one:[0]
	+ slime_boots:                              	keep-one:[0]	keep:[0]
	+ slime_channel:                            	keep-one:[0]	keep:[0]
	+ slime_congealed:                          	keep-one:[0]	keep:[0]
	+ slime_dirt:                               	keep-one:[0]	keep:[0]
	+ slime_grass:                              	keep-one:[0]	keep:[0]
	+ slime_grass_tall:                         	keep-one:[0]	keep:[0]
	+ slime_leaves:                             	keep-one:[0]	keep:[0]
	+ slime_sapling:                            	keep-one:[0]	keep:[0]
	+ slime_vine_blue:                          	keep-one:[0]	keep:[0]
	+ slime_vine_blue_end:                      	keep-one:[0]	keep:[0]
	+ slime_vine_blue_mid:                      	keep-one:[0]	keep:[0]
	+ slime_vine_purple:                        	keep-one:[0]	keep:[0]
	+ slime_vine_purple_end:                    	keep-one:[0]	keep:[0]
	+ slime_vine_purple_mid:                    	keep-one:[0]	keep:[0]
	+ slimesling:                               	keep-one:[0]
	+ smeltery_controller:                      	keep-one:[0]
	+ smeltery_io:                              	keep-one:[0]
	+ soil:                                     	keep-one:[0]	keep:[0]
	+ spaghetti:                                	keep-one:[0]
	+ steel:                                    	keep-one:[0]
	+ stone:                                    	keep-one:[0]	keep:[0]
	+ stone_ladder:                             	keep-one:[0]
	+ stone_stick:                              	keep-one:[0]
	+ stone_torch:                              	keep-one:[0]
	+ sword_blade:                              	keep-one:[0]
	+ throwball:                                	keep-one:[0]
	+ tin:                                      	keep-one:[0]
	+ tinker_tank_controller:                   	keep-one:[0]
	+ tool_rod:                                 	keep-one:[0]
	+ toolforge:                                	keep-one:[0]
	+ tooltables:                               	keep-one:[0]	keep-one:[]
	+ tough_binding:                            	keep-one:[0]
	+ tough_tool_rod:                           	keep-one:[0]
	+ wide_guard:                               	keep-one:[0]
	+ wood_rail:                                	keep-one:[0]
	+ wood_rail_trapdoor:                       	keep-one:[0]
	+ wooden_hopper:                            	keep-one:[0]
	+ zinc:                                     	keep-one:[0]